Build started 01/02/2017 22:06:34.
     1>Project "C:\Users\Robbie\Desktop\4th Year\Game Engineering\FSM\FSM\FSM\FSM.vcxproj" on node 2 (Build target(s)).
     1>ClCompile:
         C:\Program Files (x86)\Microsoft Visual Studio 12.0\VC\bin\CL.exe /c /ZI /nologo /W3 /WX- /sdl /Od /Oy- /D WIN32 /D _DEBUG /D _CONSOLE /D _LIB /D _UNICODE /D UNICODE /Gm /EHsc /RTC1 /MDd /GS /fp:precise /Zc:wchar_t /Zc:forScope /Yc"stdafx.h" /Fp"Debug\FSM.pch" /Fo"Debug\\" /Fd"Debug\vc120.pdb" /Gd /TP /analyze- /errorReport:prompt stdafx.cpp
         stdafx.cpp
         C:\Program Files (x86)\Microsoft Visual Studio 12.0\VC\bin\CL.exe /c /ZI /nologo /W3 /WX- /sdl /Od /Oy- /D WIN32 /D _DEBUG /D _CONSOLE /D _LIB /D _UNICODE /D UNICODE /Gm /EHsc /RTC1 /MDd /GS /fp:precise /Zc:wchar_t /Zc:forScope /Yu"stdafx.h" /Fp"Debug\FSM.pch" /Fo"Debug\\" /Fd"Debug\vc120.pdb" /Gd /TP /analyze- /errorReport:prompt Animation.cpp Climb.cpp FSM.cpp Idle.cpp Jump.cpp
         Jump.cpp
         Idle.cpp
         FSM.cpp
         Climb.cpp
         Animation.cpp
         Generating Code...
       Link:
         C:\Program Files (x86)\Microsoft Visual Studio 12.0\VC\bin\link.exe /ERRORREPORT:PROMPT /OUT:"C:\Users\Robbie\Desktop\4th Year\Game Engineering\FSM\FSM\Debug\FSM.exe" /INCREMENTAL /NOLOGO kernel32.lib user32.lib gdi32.lib winspool.lib comdlg32.lib advapi32.lib shell32.lib ole32.lib oleaut32.lib uuid.lib odbc32.lib odbccp32.lib /MANIFEST /MANIFESTUAC:"level='asInvoker' uiAccess='false'" /manifest:embed /DEBUG /PDB:"C:\Users\Robbie\Desktop\4th Year\Game Engineering\FSM\FSM\Debug\FSM.pdb" /SUBSYSTEM:CONSOLE /TLBID:1 /DYNAMICBASE /NXCOMPAT /IMPLIB:"C:\Users\Robbie\Desktop\4th Year\Game Engineering\FSM\FSM\Debug\FSM.lib" /MACHINE:X86 Debug\Animation.obj
         Debug\Climb.obj
         Debug\FSM.obj
         Debug\Idle.obj
         Debug\Jump.obj
         Debug\stdafx.obj
         FSM.vcxproj -> C:\Users\Robbie\Desktop\4th Year\Game Engineering\FSM\FSM\Debug\FSM.exe
     1>Done Building Project "C:\Users\Robbie\Desktop\4th Year\Game Engineering\FSM\FSM\FSM\FSM.vcxproj" (Build target(s)).

Build succeeded.

Time Elapsed 00:00:01.60
